20/05/22 15:49:47 WARN NativeCodeLoader: Unable to load native-hadoop library for your platform... using builtin-java classes where applicable
20/05/22 15:49:48 INFO SparkContext: Running Spark version 2.4.5
20/05/22 15:49:48 INFO SparkContext: Submitted application: sparklyr
20/05/22 15:49:48 INFO SecurityManager: Changing view acls to: shun
20/05/22 15:49:48 INFO SecurityManager: Changing modify acls to: shun
20/05/22 15:49:48 INFO SecurityManager: Changing view acls groups to: 
20/05/22 15:49:48 INFO SecurityManager: Changing modify acls groups to: 
20/05/22 15:49:48 INFO SecurityManager: SecurityManager: authentication disabled; ui acls disabled; users  with view permissions: Set(shun); groups with view permissions: Set(); users  with modify permissions: Set(shun); groups with modify permissions: Set()
20/05/22 15:49:48 INFO Utils: Successfully started service 'sparkDriver' on port 43977.
20/05/22 15:49:48 INFO SparkEnv: Registering MapOutputTracker
20/05/22 15:49:48 INFO SparkEnv: Registering BlockManagerMaster
20/05/22 15:49:48 INFO BlockManagerMasterEndpoint: Using org.apache.spark.storage.DefaultTopologyMapper for getting topology information
20/05/22 15:49:48 INFO BlockManagerMasterEndpoint: BlockManagerMasterEndpoint up
20/05/22 15:49:48 INFO DiskBlockManager: Created local directory at /tmp/blockmgr-18a0ce1d-fea8-4ae6-8f9b-1fd82b6ea6a1
20/05/22 15:49:48 INFO MemoryStore: MemoryStore started with capacity 912.3 MB
20/05/22 15:49:48 INFO SparkEnv: Registering OutputCommitCoordinator
20/05/22 15:49:48 INFO Utils: Successfully started service 'SparkUI' on port 4040.
20/05/22 15:49:48 INFO SparkUI: Bound SparkUI to 127.0.0.1, and started at http://localhost:4040
20/05/22 15:49:48 INFO SparkContext: Added JAR file:/home/shun/Dropbox/R/x86_64-pc-linux-gnu/3.6/sparklyr/java/sparklyr-2.4-2.11.jar at spark://localhost:43977/jars/sparklyr-2.4-2.11.jar with timestamp 1590130188634
20/05/22 15:49:48 INFO Executor: Starting executor ID driver on host localhost
20/05/22 15:49:48 INFO Utils: Successfully started service 'org.apache.spark.network.netty.NettyBlockTransferService' on port 35205.
20/05/22 15:49:48 INFO NettyBlockTransferService: Server created on localhost:35205
20/05/22 15:49:48 INFO BlockManager: Using org.apache.spark.storage.RandomBlockReplicationPolicy for block replication policy
20/05/22 15:49:48 INFO BlockManagerMaster: Registering BlockManager BlockManagerId(driver, localhost, 35205, None)
20/05/22 15:49:48 INFO BlockManagerMasterEndpoint: Registering block manager localhost:35205 with 912.3 MB RAM, BlockManagerId(driver, localhost, 35205, None)
20/05/22 15:49:48 INFO BlockManagerMaster: Registered BlockManager BlockManagerId(driver, localhost, 35205, None)
20/05/22 15:49:48 INFO BlockManager: Initialized BlockManager: BlockManagerId(driver, localhost, 35205, None)
20/05/22 15:51:13 INFO SharedState: loading hive config file: file:/home/shun/spark/spark-2.4.5-bin-hadoop2.7/conf/hive-site.xml
20/05/22 15:51:13 INFO SharedState: Setting hive.metastore.warehouse.dir ('null') to the value of spark.sql.warehouse.dir ('file:/home/shun/Dropbox/repos/github/five-dots/notes/lang/r/spark-warehouse').
20/05/22 15:51:13 INFO SharedState: Warehouse path is 'file:/home/shun/Dropbox/repos/github/five-dots/notes/lang/r/spark-warehouse'.
20/05/22 15:51:13 INFO StateStoreCoordinatorRef: Registered StateStoreCoordinator endpoint
20/05/22 15:51:14 INFO HiveUtils: Initializing HiveMetastoreConnection version 1.2.1 using Spark classes.
20/05/22 15:51:15 INFO HiveMetaStore: 0: Opening raw store with implemenation class:org.apache.hadoop.hive.metastore.ObjectStore
20/05/22 15:51:15 INFO ObjectStore: ObjectStore, initialize called
20/05/22 15:51:15 INFO Persistence: Property hive.metastore.integral.jdo.pushdown unknown - will be ignored
20/05/22 15:51:15 INFO Persistence: Property datanucleus.cache.level2 unknown - will be ignored
20/05/22 15:51:16 INFO ObjectStore: Setting MetaStore object pin classes with hive.metastore.cache.pinobjtypes="Table,StorageDescriptor,SerDeInfo,Partition,Database,Type,FieldSchema,Order"
20/05/22 15:51:16 INFO Datastore: The class "org.apache.hadoop.hive.metastore.model.MFieldSchema" is tagged as "embedded-only" so does not have its own datastore table.
20/05/22 15:51:16 INFO Datastore: The class "org.apache.hadoop.hive.metastore.model.MOrder" is tagged as "embedded-only" so does not have its own datastore table.
20/05/22 15:51:16 INFO Datastore: The class "org.apache.hadoop.hive.metastore.model.MFieldSchema" is tagged as "embedded-only" so does not have its own datastore table.
20/05/22 15:51:16 INFO Datastore: The class "org.apache.hadoop.hive.metastore.model.MOrder" is tagged as "embedded-only" so does not have its own datastore table.
20/05/22 15:51:17 INFO MetaStoreDirectSql: Using direct SQL, underlying DB is DERBY
20/05/22 15:51:17 INFO ObjectStore: Initialized ObjectStore
20/05/22 15:51:17 WARN ObjectStore: Version information not found in metastore. hive.metastore.schema.verification is not enabled so recording the schema version 1.2.0
20/05/22 15:51:17 WARN ObjectStore: Failed to get database default, returning NoSuchObjectException
20/05/22 15:51:17 INFO HiveMetaStore: Added admin role in metastore
20/05/22 15:51:17 INFO HiveMetaStore: Added public role in metastore
20/05/22 15:51:17 INFO HiveMetaStore: No user is added in admin role, since config is empty
20/05/22 15:51:17 INFO HiveMetaStore: 0: get_all_databases
20/05/22 15:51:17 INFO audit: ugi=shun	ip=unknown-ip-addr	cmd=get_all_databases	
20/05/22 15:51:17 INFO HiveMetaStore: 0: get_functions: db=default pat=*
20/05/22 15:51:17 INFO audit: ugi=shun	ip=unknown-ip-addr	cmd=get_functions: db=default pat=*	
20/05/22 15:51:17 INFO Datastore: The class "org.apache.hadoop.hive.metastore.model.MResourceUri" is tagged as "embedded-only" so does not have its own datastore table.
20/05/22 15:51:17 INFO SessionState: Created HDFS directory: /tmp/hive/shun
20/05/22 15:51:17 INFO SessionState: Created local directory: /tmp/shun
20/05/22 15:51:17 INFO SessionState: Created local directory: /tmp/0110403c-a075-49ba-a734-70601f0c9360_resources
20/05/22 15:51:17 INFO SessionState: Created HDFS directory: /tmp/hive/shun/0110403c-a075-49ba-a734-70601f0c9360
20/05/22 15:51:17 INFO SessionState: Created local directory: /tmp/shun/0110403c-a075-49ba-a734-70601f0c9360
20/05/22 15:51:17 INFO SessionState: Created HDFS directory: /tmp/hive/shun/0110403c-a075-49ba-a734-70601f0c9360/_tmp_space.db
20/05/22 15:51:17 INFO HiveClientImpl: Warehouse location for Hive client (version 1.2.2) is file:/home/shun/Dropbox/repos/github/five-dots/notes/lang/r/spark-warehouse
20/05/22 15:51:17 INFO HiveMetaStore: 0: get_database: default
20/05/22 15:51:17 INFO audit: ugi=shun	ip=unknown-ip-addr	cmd=get_database: default	
20/05/22 15:51:17 INFO HiveMetaStore: 0: get_database: global_temp
20/05/22 15:51:17 INFO audit: ugi=shun	ip=unknown-ip-addr	cmd=get_database: global_temp	
20/05/22 15:51:17 WARN ObjectStore: Failed to get database global_temp, returning NoSuchObjectException
20/05/22 15:51:17 INFO HiveMetaStore: 0: get_database: default
20/05/22 15:51:17 INFO audit: ugi=shun	ip=unknown-ip-addr	cmd=get_database: default	
20/05/22 15:51:17 INFO HiveMetaStore: 0: get_database: default
20/05/22 15:51:17 INFO audit: ugi=shun	ip=unknown-ip-addr	cmd=get_database: default	
20/05/22 15:51:17 INFO HiveMetaStore: 0: get_tables: db=default pat=*
20/05/22 15:51:17 INFO audit: ugi=shun	ip=unknown-ip-addr	cmd=get_tables: db=default pat=*	
20/05/22 15:51:17 INFO SparkContext: Starting job: collect at utils.scala:43
20/05/22 15:51:17 INFO DAGScheduler: Got job 0 (collect at utils.scala:43) with 1 output partitions
20/05/22 15:51:17 INFO DAGScheduler: Final stage: ResultStage 0 (collect at utils.scala:43)
20/05/22 15:51:17 INFO DAGScheduler: Parents of final stage: List()
20/05/22 15:51:17 INFO DAGScheduler: Missing parents: List()
20/05/22 15:51:17 INFO DAGScheduler: Submitting ResultStage 0 (MapPartitionsRDD[5] at map at utils.scala:40), which has no missing parents
20/05/22 15:51:17 INFO MemoryStore: Block broadcast_0 stored as values in memory (estimated size 7.1 KB, free 912.3 MB)
20/05/22 15:51:17 INFO MemoryStore: Block broadcast_0_piece0 stored as bytes in memory (estimated size 4.1 KB, free 912.3 MB)
20/05/22 15:51:17 INFO BlockManagerInfo: Added broadcast_0_piece0 in memory on localhost:35205 (size: 4.1 KB, free: 912.3 MB)
20/05/22 15:51:17 INFO SparkContext: Created broadcast 0 from broadcast at DAGScheduler.scala:1163
20/05/22 15:51:17 INFO DAGScheduler: Submitting 1 missing tasks from ResultStage 0 (MapPartitionsRDD[5] at map at utils.scala:40) (first 15 tasks are for partitions Vector(0))
20/05/22 15:51:17 INFO TaskSchedulerImpl: Adding task set 0.0 with 1 tasks
20/05/22 15:51:17 INFO TaskSetManager: Starting task 0.0 in stage 0.0 (TID 0, localhost, executor driver, partition 0, PROCESS_LOCAL, 7893 bytes)
20/05/22 15:51:17 INFO Executor: Running task 0.0 in stage 0.0 (TID 0)
20/05/22 15:51:17 INFO Executor: Fetching spark://localhost:43977/jars/sparklyr-2.4-2.11.jar with timestamp 1590130188634
20/05/22 15:51:17 INFO TransportClientFactory: Successfully created connection to localhost/127.0.0.1:43977 after 14 ms (0 ms spent in bootstraps)
20/05/22 15:51:17 INFO Utils: Fetching spark://localhost:43977/jars/sparklyr-2.4-2.11.jar to /tmp/spark-5f5f6fe5-60ae-40e8-9701-ea8f32319eaa/userFiles-3ea79007-7031-4df9-ba9f-8e632fc0fc0a/fetchFileTemp2563149277859821881.tmp
20/05/22 15:51:17 INFO Executor: Adding file:/tmp/spark-5f5f6fe5-60ae-40e8-9701-ea8f32319eaa/userFiles-3ea79007-7031-4df9-ba9f-8e632fc0fc0a/sparklyr-2.4-2.11.jar to class loader
20/05/22 15:51:18 INFO CodeGenerator: Code generated in 122.783342 ms
20/05/22 15:51:18 INFO Executor: Finished task 0.0 in stage 0.0 (TID 0). 970 bytes result sent to driver
20/05/22 15:51:18 INFO TaskSetManager: Finished task 0.0 in stage 0.0 (TID 0) in 329 ms on localhost (executor driver) (1/1)
20/05/22 15:51:18 INFO TaskSchedulerImpl: Removed TaskSet 0.0, whose tasks have all completed, from pool 
20/05/22 15:51:18 INFO DAGScheduler: ResultStage 0 (collect at utils.scala:43) finished in 0.413 s
20/05/22 15:51:18 INFO DAGScheduler: Job 0 finished: collect at utils.scala:43, took 0.442514 s
20/05/22 15:51:18 INFO ContextCleaner: Cleaned accumulator 16
20/05/22 15:51:18 INFO BlockManagerInfo: Removed broadcast_0_piece0 on localhost:35205 in memory (size: 4.1 KB, free: 912.3 MB)
20/05/22 15:51:18 INFO ContextCleaner: Cleaned accumulator 23
20/05/22 15:51:18 INFO ContextCleaner: Cleaned accumulator 1
20/05/22 15:51:18 INFO ContextCleaner: Cleaned accumulator 21
20/05/22 15:51:18 INFO ContextCleaner: Cleaned accumulator 9
20/05/22 15:51:18 INFO ContextCleaner: Cleaned accumulator 0
20/05/22 15:51:18 INFO ContextCleaner: Cleaned accumulator 14
20/05/22 15:51:18 INFO ContextCleaner: Cleaned accumulator 17
20/05/22 15:51:18 INFO ContextCleaner: Cleaned accumulator 10
20/05/22 15:51:18 INFO ContextCleaner: Cleaned accumulator 5
20/05/22 15:51:18 INFO ContextCleaner: Cleaned accumulator 4
20/05/22 15:51:18 INFO ContextCleaner: Cleaned accumulator 8
20/05/22 15:51:18 INFO ContextCleaner: Cleaned accumulator 11
20/05/22 15:51:18 INFO ContextCleaner: Cleaned accumulator 25
20/05/22 15:51:18 INFO ContextCleaner: Cleaned accumulator 22
20/05/22 15:51:18 INFO ContextCleaner: Cleaned accumulator 18
20/05/22 15:51:18 INFO ContextCleaner: Cleaned accumulator 7
20/05/22 15:51:18 INFO ContextCleaner: Cleaned accumulator 3
20/05/22 15:51:18 INFO ContextCleaner: Cleaned accumulator 13
20/05/22 15:51:18 INFO ContextCleaner: Cleaned accumulator 19
20/05/22 15:51:18 INFO ContextCleaner: Cleaned accumulator 15
20/05/22 15:51:18 INFO ContextCleaner: Cleaned accumulator 20
20/05/22 15:51:18 INFO ContextCleaner: Cleaned accumulator 24
20/05/22 15:51:18 INFO ContextCleaner: Cleaned accumulator 12
20/05/22 15:51:18 INFO ContextCleaner: Cleaned accumulator 2
20/05/22 15:51:18 INFO ContextCleaner: Cleaned accumulator 6
20/05/22 15:51:18 INFO CodeGenerator: Code generated in 14.966522 ms
20/05/22 15:51:18 INFO CodeGenerator: Code generated in 9.896039 ms
20/05/22 15:51:18 INFO SparkContext: Starting job: sql at NativeMethodAccessorImpl.java:0
20/05/22 15:51:18 INFO DAGScheduler: Registering RDD 15 (sql at NativeMethodAccessorImpl.java:0) as input to shuffle 0
20/05/22 15:51:18 INFO DAGScheduler: Got job 1 (sql at NativeMethodAccessorImpl.java:0) with 1 output partitions
20/05/22 15:51:18 INFO DAGScheduler: Final stage: ResultStage 2 (sql at NativeMethodAccessorImpl.java:0)
20/05/22 15:51:18 INFO DAGScheduler: Parents of final stage: List(ShuffleMapStage 1)
20/05/22 15:51:18 INFO DAGScheduler: Missing parents: List(ShuffleMapStage 1)
20/05/22 15:51:18 INFO DAGScheduler: Submitting ShuffleMapStage 1 (MapPartitionsRDD[15] at sql at NativeMethodAccessorImpl.java:0), which has no missing parents
20/05/22 15:51:18 INFO MemoryStore: Block broadcast_1 stored as values in memory (estimated size 20.7 KB, free 912.3 MB)
20/05/22 15:51:18 INFO MemoryStore: Block broadcast_1_piece0 stored as bytes in memory (estimated size 9.6 KB, free 912.3 MB)
20/05/22 15:51:18 INFO BlockManagerInfo: Added broadcast_1_piece0 in memory on localhost:35205 (size: 9.6 KB, free: 912.3 MB)
20/05/22 15:51:18 INFO SparkContext: Created broadcast 1 from broadcast at DAGScheduler.scala:1163
20/05/22 15:51:18 INFO DAGScheduler: Submitting 1 missing tasks from ShuffleMapStage 1 (MapPartitionsRDD[15] at sql at NativeMethodAccessorImpl.java:0) (first 15 tasks are for partitions Vector(0))
20/05/22 15:51:18 INFO TaskSchedulerImpl: Adding task set 1.0 with 1 tasks
20/05/22 15:51:18 INFO TaskSetManager: Starting task 0.0 in stage 1.0 (TID 1, localhost, executor driver, partition 0, PROCESS_LOCAL, 11815 bytes)
20/05/22 15:51:18 INFO Executor: Running task 0.0 in stage 1.0 (TID 1)
20/05/22 15:51:18 INFO CodeGenerator: Code generated in 12.04041 ms
20/05/22 15:51:18 INFO CodeGenerator: Code generated in 38.170729 ms
20/05/22 15:51:18 INFO MemoryStore: Block rdd_10_0 stored as values in memory (estimated size 5.6 KB, free 912.3 MB)
20/05/22 15:51:18 INFO BlockManagerInfo: Added rdd_10_0 in memory on localhost:35205 (size: 5.6 KB, free: 912.3 MB)
20/05/22 15:51:18 INFO CodeGenerator: Code generated in 5.344126 ms
20/05/22 15:51:18 INFO CodeGenerator: Code generated in 12.674485 ms
20/05/22 15:51:18 INFO Executor: Finished task 0.0 in stage 1.0 (TID 1). 1738 bytes result sent to driver
20/05/22 15:51:18 INFO TaskSetManager: Finished task 0.0 in stage 1.0 (TID 1) in 172 ms on localhost (executor driver) (1/1)
20/05/22 15:51:18 INFO TaskSchedulerImpl: Removed TaskSet 1.0, whose tasks have all completed, from pool 
20/05/22 15:51:18 INFO DAGScheduler: ShuffleMapStage 1 (sql at NativeMethodAccessorImpl.java:0) finished in 0.193 s
20/05/22 15:51:18 INFO DAGScheduler: looking for newly runnable stages
20/05/22 15:51:18 INFO DAGScheduler: running: Set()
20/05/22 15:51:18 INFO DAGScheduler: waiting: Set(ResultStage 2)
20/05/22 15:51:18 INFO DAGScheduler: failed: Set()
20/05/22 15:51:18 INFO DAGScheduler: Submitting ResultStage 2 (MapPartitionsRDD[18] at sql at NativeMethodAccessorImpl.java:0), which has no missing parents
20/05/22 15:51:18 INFO MemoryStore: Block broadcast_2 stored as values in memory (estimated size 7.3 KB, free 912.3 MB)
20/05/22 15:51:18 INFO MemoryStore: Block broadcast_2_piece0 stored as bytes in memory (estimated size 3.9 KB, free 912.3 MB)
20/05/22 15:51:18 INFO BlockManagerInfo: Added broadcast_2_piece0 in memory on localhost:35205 (size: 3.9 KB, free: 912.3 MB)
20/05/22 15:51:18 INFO SparkContext: Created broadcast 2 from broadcast at DAGScheduler.scala:1163
20/05/22 15:51:18 INFO DAGScheduler: Submitting 1 missing tasks from ResultStage 2 (MapPartitionsRDD[18] at sql at NativeMethodAccessorImpl.java:0) (first 15 tasks are for partitions Vector(0))
20/05/22 15:51:18 INFO TaskSchedulerImpl: Adding task set 2.0 with 1 tasks
20/05/22 15:51:18 INFO TaskSetManager: Starting task 0.0 in stage 2.0 (TID 2, localhost, executor driver, partition 0, NODE_LOCAL, 7767 bytes)
20/05/22 15:51:18 INFO Executor: Running task 0.0 in stage 2.0 (TID 2)
20/05/22 15:51:18 INFO ShuffleBlockFetcherIterator: Getting 1 non-empty blocks including 1 local blocks and 0 remote blocks
20/05/22 15:51:18 INFO ShuffleBlockFetcherIterator: Started 0 remote fetches in 4 ms
20/05/22 15:51:18 INFO Executor: Finished task 0.0 in stage 2.0 (TID 2). 1825 bytes result sent to driver
20/05/22 15:51:18 INFO TaskSetManager: Finished task 0.0 in stage 2.0 (TID 2) in 26 ms on localhost (executor driver) (1/1)
20/05/22 15:51:18 INFO TaskSchedulerImpl: Removed TaskSet 2.0, whose tasks have all completed, from pool 
20/05/22 15:51:18 INFO DAGScheduler: ResultStage 2 (sql at NativeMethodAccessorImpl.java:0) finished in 0.034 s
20/05/22 15:51:18 INFO DAGScheduler: Job 1 finished: sql at NativeMethodAccessorImpl.java:0, took 0.242088 s
20/05/22 15:51:19 INFO CodeGenerator: Code generated in 4.560573 ms
20/05/22 15:51:19 INFO SparkContext: Starting job: collect at utils.scala:353
20/05/22 15:51:19 INFO DAGScheduler: Registering RDD 23 (collect at utils.scala:353) as input to shuffle 1
20/05/22 15:51:19 INFO DAGScheduler: Got job 2 (collect at utils.scala:353) with 1 output partitions
20/05/22 15:51:19 INFO DAGScheduler: Final stage: ResultStage 4 (collect at utils.scala:353)
20/05/22 15:51:19 INFO DAGScheduler: Parents of final stage: List(ShuffleMapStage 3)
20/05/22 15:51:19 INFO DAGScheduler: Missing parents: List(ShuffleMapStage 3)
20/05/22 15:51:19 INFO DAGScheduler: Submitting ShuffleMapStage 3 (MapPartitionsRDD[23] at collect at utils.scala:353), which has no missing parents
20/05/22 15:51:19 INFO MemoryStore: Block broadcast_3 stored as values in memory (estimated size 20.7 KB, free 912.2 MB)
20/05/22 15:51:19 INFO MemoryStore: Block broadcast_3_piece0 stored as bytes in memory (estimated size 9.6 KB, free 912.2 MB)
20/05/22 15:51:19 INFO BlockManagerInfo: Added broadcast_3_piece0 in memory on localhost:35205 (size: 9.6 KB, free: 912.3 MB)
20/05/22 15:51:19 INFO SparkContext: Created broadcast 3 from broadcast at DAGScheduler.scala:1163
20/05/22 15:51:19 INFO DAGScheduler: Submitting 1 missing tasks from ShuffleMapStage 3 (MapPartitionsRDD[23] at collect at utils.scala:353) (first 15 tasks are for partitions Vector(0))
20/05/22 15:51:19 INFO TaskSchedulerImpl: Adding task set 3.0 with 1 tasks
20/05/22 15:51:19 INFO TaskSetManager: Starting task 0.0 in stage 3.0 (TID 3, localhost, executor driver, partition 0, PROCESS_LOCAL, 11815 bytes)
20/05/22 15:51:19 INFO Executor: Running task 0.0 in stage 3.0 (TID 3)
20/05/22 15:51:19 INFO BlockManager: Found block rdd_10_0 locally
20/05/22 15:51:19 INFO Executor: Finished task 0.0 in stage 3.0 (TID 3). 1781 bytes result sent to driver
20/05/22 15:51:19 INFO TaskSetManager: Finished task 0.0 in stage 3.0 (TID 3) in 9 ms on localhost (executor driver) (1/1)
20/05/22 15:51:19 INFO TaskSchedulerImpl: Removed TaskSet 3.0, whose tasks have all completed, from pool 
20/05/22 15:51:19 INFO DAGScheduler: ShuffleMapStage 3 (collect at utils.scala:353) finished in 0.016 s
20/05/22 15:51:19 INFO DAGScheduler: looking for newly runnable stages
20/05/22 15:51:19 INFO DAGScheduler: running: Set()
20/05/22 15:51:19 INFO DAGScheduler: waiting: Set(ResultStage 4)
20/05/22 15:51:19 INFO DAGScheduler: failed: Set()
20/05/22 15:51:19 INFO DAGScheduler: Submitting ResultStage 4 (MapPartitionsRDD[26] at collect at utils.scala:353), which has no missing parents
20/05/22 15:51:19 INFO MemoryStore: Block broadcast_4 stored as values in memory (estimated size 7.3 KB, free 912.2 MB)
20/05/22 15:51:19 INFO MemoryStore: Block broadcast_4_piece0 stored as bytes in memory (estimated size 3.9 KB, free 912.2 MB)
20/05/22 15:51:19 INFO BlockManagerInfo: Added broadcast_4_piece0 in memory on localhost:35205 (size: 3.9 KB, free: 912.3 MB)
20/05/22 15:51:19 INFO SparkContext: Created broadcast 4 from broadcast at DAGScheduler.scala:1163
20/05/22 15:51:19 INFO DAGScheduler: Submitting 1 missing tasks from ResultStage 4 (MapPartitionsRDD[26] at collect at utils.scala:353) (first 15 tasks are for partitions Vector(0))
20/05/22 15:51:19 INFO TaskSchedulerImpl: Adding task set 4.0 with 1 tasks
20/05/22 15:51:19 INFO TaskSetManager: Starting task 0.0 in stage 4.0 (TID 4, localhost, executor driver, partition 0, NODE_LOCAL, 7767 bytes)
20/05/22 15:51:19 INFO Executor: Running task 0.0 in stage 4.0 (TID 4)
20/05/22 15:51:19 INFO ShuffleBlockFetcherIterator: Getting 1 non-empty blocks including 1 local blocks and 0 remote blocks
20/05/22 15:51:19 INFO ShuffleBlockFetcherIterator: Started 0 remote fetches in 1 ms
20/05/22 15:51:19 INFO Executor: Finished task 0.0 in stage 4.0 (TID 4). 1782 bytes result sent to driver
20/05/22 15:51:19 INFO TaskSetManager: Finished task 0.0 in stage 4.0 (TID 4) in 6 ms on localhost (executor driver) (1/1)
20/05/22 15:51:19 INFO TaskSchedulerImpl: Removed TaskSet 4.0, whose tasks have all completed, from pool 
20/05/22 15:51:19 INFO DAGScheduler: ResultStage 4 (collect at utils.scala:353) finished in 0.013 s
20/05/22 15:51:19 INFO DAGScheduler: Job 2 finished: collect at utils.scala:353, took 0.034789 s
20/05/22 15:51:29 INFO CodeGenerator: Code generated in 6.315534 ms
20/05/22 15:51:29 INFO SparkContext: Starting job: collect at utils.scala:353
20/05/22 15:51:29 INFO DAGScheduler: Got job 3 (collect at utils.scala:353) with 1 output partitions
20/05/22 15:51:29 INFO DAGScheduler: Final stage: ResultStage 5 (collect at utils.scala:353)
20/05/22 15:51:29 INFO DAGScheduler: Parents of final stage: List()
20/05/22 15:51:29 INFO DAGScheduler: Missing parents: List()
20/05/22 15:51:29 INFO DAGScheduler: Submitting ResultStage 5 (MapPartitionsRDD[31] at collect at utils.scala:353), which has no missing parents
20/05/22 15:51:29 INFO MemoryStore: Block broadcast_5 stored as values in memory (estimated size 16.6 KB, free 912.2 MB)
20/05/22 15:51:29 INFO MemoryStore: Block broadcast_5_piece0 stored as bytes in memory (estimated size 7.8 KB, free 912.2 MB)
20/05/22 15:51:29 INFO BlockManagerInfo: Added broadcast_5_piece0 in memory on localhost:35205 (size: 7.8 KB, free: 912.3 MB)
20/05/22 15:51:29 INFO SparkContext: Created broadcast 5 from broadcast at DAGScheduler.scala:1163
20/05/22 15:51:29 INFO DAGScheduler: Submitting 1 missing tasks from ResultStage 5 (MapPartitionsRDD[31] at collect at utils.scala:353) (first 15 tasks are for partitions Vector(0))
20/05/22 15:51:29 INFO TaskSchedulerImpl: Adding task set 5.0 with 1 tasks
20/05/22 15:51:29 INFO TaskSetManager: Starting task 0.0 in stage 5.0 (TID 5, localhost, executor driver, partition 0, PROCESS_LOCAL, 11826 bytes)
20/05/22 15:51:29 INFO Executor: Running task 0.0 in stage 5.0 (TID 5)
20/05/22 15:51:29 INFO BlockManager: Found block rdd_10_0 locally
20/05/22 15:51:29 INFO CodeGenerator: Code generated in 16.796767 ms
20/05/22 15:51:29 INFO Executor: 1 block locks were not released by TID = 5:
[rdd_10_0]
20/05/22 15:51:29 INFO Executor: Finished task 0.0 in stage 5.0 (TID 5). 1493 bytes result sent to driver
20/05/22 15:51:29 INFO TaskSetManager: Finished task 0.0 in stage 5.0 (TID 5) in 37 ms on localhost (executor driver) (1/1)
20/05/22 15:51:29 INFO TaskSchedulerImpl: Removed TaskSet 5.0, whose tasks have all completed, from pool 
20/05/22 15:51:29 INFO DAGScheduler: ResultStage 5 (collect at utils.scala:353) finished in 0.045 s
20/05/22 15:51:29 INFO DAGScheduler: Job 3 finished: collect at utils.scala:353, took 0.047285 s
20/05/22 15:51:45 INFO HiveMetaStore: 0: get_database: default
20/05/22 15:51:45 INFO audit: ugi=shun	ip=unknown-ip-addr	cmd=get_database: default	
20/05/22 15:51:45 INFO HiveMetaStore: 0: get_database: default
20/05/22 15:51:45 INFO audit: ugi=shun	ip=unknown-ip-addr	cmd=get_database: default	
20/05/22 15:51:45 INFO HiveMetaStore: 0: get_tables: db=default pat=*
20/05/22 15:51:45 INFO audit: ugi=shun	ip=unknown-ip-addr	cmd=get_tables: db=default pat=*	
20/05/22 15:51:45 INFO CodeGenerator: Code generated in 4.159374 ms
20/05/22 15:51:45 INFO SparkContext: Starting job: collect at utils.scala:43
20/05/22 15:51:45 INFO DAGScheduler: Got job 4 (collect at utils.scala:43) with 1 output partitions
20/05/22 15:51:45 INFO DAGScheduler: Final stage: ResultStage 6 (collect at utils.scala:43)
20/05/22 15:51:45 INFO DAGScheduler: Parents of final stage: List()
20/05/22 15:51:45 INFO DAGScheduler: Missing parents: List()
20/05/22 15:51:45 INFO DAGScheduler: Submitting ResultStage 6 (MapPartitionsRDD[37] at map at utils.scala:40), which has no missing parents
20/05/22 15:51:45 INFO MemoryStore: Block broadcast_6 stored as values in memory (estimated size 7.1 KB, free 912.2 MB)
20/05/22 15:51:45 INFO MemoryStore: Block broadcast_6_piece0 stored as bytes in memory (estimated size 4.1 KB, free 912.2 MB)
20/05/22 15:51:45 INFO BlockManagerInfo: Added broadcast_6_piece0 in memory on localhost:35205 (size: 4.1 KB, free: 912.3 MB)
20/05/22 15:51:45 INFO SparkContext: Created broadcast 6 from broadcast at DAGScheduler.scala:1163
20/05/22 15:51:45 INFO DAGScheduler: Submitting 1 missing tasks from ResultStage 6 (MapPartitionsRDD[37] at map at utils.scala:40) (first 15 tasks are for partitions Vector(0))
20/05/22 15:51:45 INFO TaskSchedulerImpl: Adding task set 6.0 with 1 tasks
20/05/22 15:51:45 INFO TaskSetManager: Starting task 0.0 in stage 6.0 (TID 6, localhost, executor driver, partition 0, PROCESS_LOCAL, 8052 bytes)
20/05/22 15:51:45 INFO Executor: Running task 0.0 in stage 6.0 (TID 6)
20/05/22 15:51:45 INFO Executor: Finished task 0.0 in stage 6.0 (TID 6). 977 bytes result sent to driver
20/05/22 15:51:45 INFO TaskSetManager: Finished task 0.0 in stage 6.0 (TID 6) in 5 ms on localhost (executor driver) (1/1)
20/05/22 15:51:45 INFO TaskSchedulerImpl: Removed TaskSet 6.0, whose tasks have all completed, from pool 
20/05/22 15:51:45 INFO DAGScheduler: ResultStage 6 (collect at utils.scala:43) finished in 0.012 s
20/05/22 15:51:45 INFO DAGScheduler: Job 4 finished: collect at utils.scala:43, took 0.013409 s
20/05/22 15:51:50 INFO SparkContext: Starting job: sql at NativeMethodAccessorImpl.java:0
20/05/22 15:51:50 INFO DAGScheduler: Registering RDD 47 (sql at NativeMethodAccessorImpl.java:0) as input to shuffle 2
20/05/22 15:51:50 INFO DAGScheduler: Got job 5 (sql at NativeMethodAccessorImpl.java:0) with 1 output partitions
20/05/22 15:51:50 INFO DAGScheduler: Final stage: ResultStage 8 (sql at NativeMethodAccessorImpl.java:0)
20/05/22 15:51:50 INFO DAGScheduler: Parents of final stage: List(ShuffleMapStage 7)
20/05/22 15:51:50 INFO DAGScheduler: Missing parents: List(ShuffleMapStage 7)
20/05/22 15:51:50 INFO DAGScheduler: Submitting ShuffleMapStage 7 (MapPartitionsRDD[47] at sql at NativeMethodAccessorImpl.java:0), which has no missing parents
20/05/22 15:51:50 INFO MemoryStore: Block broadcast_7 stored as values in memory (estimated size 34.2 KB, free 912.1 MB)
20/05/22 15:51:50 INFO MemoryStore: Block broadcast_7_piece0 stored as bytes in memory (estimated size 14.5 KB, free 912.1 MB)
20/05/22 15:51:50 INFO BlockManagerInfo: Added broadcast_7_piece0 in memory on localhost:35205 (size: 14.5 KB, free: 912.2 MB)
20/05/22 15:51:50 INFO SparkContext: Created broadcast 7 from broadcast at DAGScheduler.scala:1163
20/05/22 15:51:50 INFO DAGScheduler: Submitting 1 missing tasks from ShuffleMapStage 7 (MapPartitionsRDD[47] at sql at NativeMethodAccessorImpl.java:0) (first 15 tasks are for partitions Vector(0))
20/05/22 15:51:50 INFO TaskSchedulerImpl: Adding task set 7.0 with 1 tasks
20/05/22 15:51:50 WARN TaskSetManager: Stage 7 contains a task of very large size (27702 KB). The maximum recommended task size is 100 KB.
20/05/22 15:51:50 INFO TaskSetManager: Starting task 0.0 in stage 7.0 (TID 7, localhost, executor driver, partition 0, PROCESS_LOCAL, 28367217 bytes)
20/05/22 15:51:50 INFO Executor: Running task 0.0 in stage 7.0 (TID 7)
20/05/22 15:51:50 INFO ContextCleaner: Cleaned accumulator 144
20/05/22 15:51:50 INFO ContextCleaner: Cleaned accumulator 169
20/05/22 15:51:50 INFO ContextCleaner: Cleaned accumulator 206
20/05/22 15:51:50 INFO ContextCleaner: Cleaned accumulator 146
20/05/22 15:51:50 INFO ContextCleaner: Cleaned accumulator 127
20/05/22 15:51:50 INFO ContextCleaner: Cleaned accumulator 111
20/05/22 15:51:50 INFO ContextCleaner: Cleaned accumulator 112
20/05/22 15:51:50 INFO ContextCleaner: Cleaned accumulator 189
20/05/22 15:51:50 INFO ContextCleaner: Cleaned accumulator 85
20/05/22 15:51:50 INFO ContextCleaner: Cleaned accumulator 116
20/05/22 15:51:50 INFO BlockManagerInfo: Removed broadcast_6_piece0 on localhost:35205 in memory (size: 4.1 KB, free: 912.2 MB)
20/05/22 15:51:50 INFO ContextCleaner: Cleaned accumulator 121
20/05/22 15:51:50 INFO ContextCleaner: Cleaned accumulator 200
20/05/22 15:51:50 INFO ContextCleaner: Cleaned accumulator 190
20/05/22 15:51:50 INFO BlockManagerInfo: Removed broadcast_1_piece0 on localhost:35205 in memory (size: 9.6 KB, free: 912.3 MB)
20/05/22 15:51:50 INFO ContextCleaner: Cleaned accumulator 149
20/05/22 15:51:50 INFO ContextCleaner: Cleaned accumulator 157
20/05/22 15:51:50 INFO ContextCleaner: Cleaned accumulator 203
20/05/22 15:51:50 INFO ContextCleaner: Cleaned accumulator 108
20/05/22 15:51:50 INFO ContextCleaner: Cleaned accumulator 58
20/05/22 15:51:50 INFO ContextCleaner: Cleaned accumulator 29
20/05/22 15:51:50 INFO ContextCleaner: Cleaned accumulator 133
20/05/22 15:51:50 INFO ContextCleaner: Cleaned accumulator 212
20/05/22 15:51:50 INFO ContextCleaner: Cleaned accumulator 105
20/05/22 15:51:50 INFO ContextCleaner: Cleaned accumulator 151
20/05/22 15:51:50 INFO ContextCleaner: Cleaned accumulator 98
20/05/22 15:51:50 INFO ContextCleaner: Cleaned accumulator 161
20/05/22 15:51:50 INFO ContextCleaner: Cleaned accumulator 86
20/05/22 15:51:50 INFO ContextCleaner: Cleaned accumulator 184
20/05/22 15:51:50 INFO ContextCleaner: Cleaned accumulator 192
20/05/22 15:51:50 INFO ContextCleaner: Cleaned accumulator 166
20/05/22 15:51:50 INFO ContextCleaner: Cleaned accumulator 64
20/05/22 15:51:50 INFO ContextCleaner: Cleaned accumulator 88
20/05/22 15:51:50 INFO ContextCleaner: Cleaned accumulator 132
20/05/22 15:51:50 INFO ContextCleaner: Cleaned accumulator 125
20/05/22 15:51:50 INFO ContextCleaner: Cleaned accumulator 191
20/05/22 15:51:50 INFO ContextCleaner: Cleaned accumulator 106
20/05/22 15:51:50 INFO ContextCleaner: Cleaned accumulator 45
20/05/22 15:51:50 INFO ContextCleaner: Cleaned accumulator 186
20/05/22 15:51:50 INFO ContextCleaner: Cleaned accumulator 162
20/05/22 15:51:50 INFO ContextCleaner: Cleaned accumulator 177
20/05/22 15:51:50 INFO ContextCleaner: Cleaned accumulator 96
20/05/22 15:51:50 INFO ContextCleaner: Cleaned accumulator 75
20/05/22 15:51:50 INFO ContextCleaner: Cleaned accumulator 152
20/05/22 15:51:50 INFO ContextCleaner: Cleaned accumulator 114
20/05/22 15:51:50 INFO ContextCleaner: Cleaned accumulator 136
20/05/22 15:51:50 INFO ContextCleaner: Cleaned accumulator 32
20/05/22 15:51:50 INFO ContextCleaner: Cleaned accumulator 156
20/05/22 15:51:50 INFO ContextCleaner: Cleaned shuffle 0
20/05/22 15:51:50 INFO ContextCleaner: Cleaned accumulator 158
20/05/22 15:51:50 INFO ContextCleaner: Cleaned accumulator 62
20/05/22 15:51:50 INFO ContextCleaner: Cleaned accumulator 63
20/05/22 15:51:50 INFO ContextCleaner: Cleaned accumulator 80
20/05/22 15:51:50 INFO ContextCleaner: Cleaned accumulator 33
20/05/22 15:51:50 INFO ContextCleaner: Cleaned accumulator 150
20/05/22 15:51:50 INFO ContextCleaner: Cleaned accumulator 179
20/05/22 15:51:50 INFO ContextCleaner: Cleaned accumulator 202
20/05/22 15:51:50 INFO ContextCleaner: Cleaned accumulator 41
20/05/22 15:51:50 INFO ContextCleaner: Cleaned accumulator 84
20/05/22 15:51:50 INFO ContextCleaner: Cleaned accumulator 68
20/05/22 15:51:50 INFO ContextCleaner: Cleaned accumulator 147
20/05/22 15:51:50 INFO ContextCleaner: Cleaned accumulator 155
20/05/22 15:51:50 INFO ContextCleaner: Cleaned accumulator 180
20/05/22 15:51:50 INFO ContextCleaner: Cleaned accumulator 90
20/05/22 15:51:50 INFO ContextCleaner: Cleaned accumulator 211
20/05/22 15:51:50 INFO ContextCleaner: Cleaned shuffle 1
20/05/22 15:51:50 INFO ContextCleaner: Cleaned accumulator 120
20/05/22 15:51:50 INFO ContextCleaner: Cleaned accumulator 57
20/05/22 15:51:50 INFO ContextCleaner: Cleaned accumulator 170
20/05/22 15:51:50 INFO ContextCleaner: Cleaned accumulator 137
20/05/22 15:51:50 INFO ContextCleaner: Cleaned accumulator 210
20/05/22 15:51:50 INFO ContextCleaner: Cleaned accumulator 78
20/05/22 15:51:50 INFO ContextCleaner: Cleaned accumulator 196
20/05/22 15:51:50 INFO ContextCleaner: Cleaned accumulator 103
20/05/22 15:51:50 INFO ContextCleaner: Cleaned accumulator 168
20/05/22 15:51:50 INFO ContextCleaner: Cleaned accumulator 198
20/05/22 15:51:50 INFO ContextCleaner: Cleaned accumulator 67
20/05/22 15:51:50 INFO ContextCleaner: Cleaned accumulator 82
20/05/22 15:51:50 INFO ContextCleaner: Cleaned accumulator 30
20/05/22 15:51:50 INFO ContextCleaner: Cleaned accumulator 37
20/05/22 15:51:50 INFO BlockManagerInfo: Removed broadcast_5_piece0 on localhost:35205 in memory (size: 7.8 KB, free: 912.3 MB)
20/05/22 15:51:50 INFO ContextCleaner: Cleaned accumulator 73
20/05/22 15:51:50 INFO ContextCleaner: Cleaned accumulator 89
20/05/22 15:51:50 INFO ContextCleaner: Cleaned accumulator 193
20/05/22 15:51:50 INFO ContextCleaner: Cleaned accumulator 197
20/05/22 15:51:50 INFO ContextCleaner: Cleaned accumulator 72
20/05/22 15:51:50 INFO ContextCleaner: Cleaned accumulator 181
20/05/22 15:51:50 INFO ContextCleaner: Cleaned accumulator 154
20/05/22 15:51:50 INFO ContextCleaner: Cleaned accumulator 195
20/05/22 15:51:50 INFO ContextCleaner: Cleaned accumulator 53
20/05/22 15:51:50 INFO ContextCleaner: Cleaned accumulator 74
20/05/22 15:51:50 INFO ContextCleaner: Cleaned accumulator 109
20/05/22 15:51:50 INFO ContextCleaner: Cleaned accumulator 97
20/05/22 15:51:50 INFO ContextCleaner: Cleaned accumulator 28
20/05/22 15:51:50 INFO ContextCleaner: Cleaned accumulator 47
20/05/22 15:51:50 INFO ContextCleaner: Cleaned accumulator 165
20/05/22 15:51:50 INFO ContextCleaner: Cleaned accumulator 185
20/05/22 15:51:50 INFO ContextCleaner: Cleaned accumulator 163
20/05/22 15:51:50 INFO ContextCleaner: Cleaned accumulator 34
20/05/22 15:51:50 INFO ContextCleaner: Cleaned accumulator 42
20/05/22 15:51:50 INFO ContextCleaner: Cleaned accumulator 139
20/05/22 15:51:50 INFO ContextCleaner: Cleaned accumulator 94
20/05/22 15:51:50 INFO ContextCleaner: Cleaned accumulator 182
20/05/22 15:51:50 INFO ContextCleaner: Cleaned accumulator 46
20/05/22 15:51:50 INFO ContextCleaner: Cleaned accumulator 101
20/05/22 15:51:50 INFO ContextCleaner: Cleaned accumulator 87
20/05/22 15:51:50 INFO BlockManagerInfo: Removed broadcast_2_piece0 on localhost:35205 in memory (size: 3.9 KB, free: 912.3 MB)
20/05/22 15:51:50 INFO ContextCleaner: Cleaned accumulator 59
20/05/22 15:51:50 INFO ContextCleaner: Cleaned accumulator 130
20/05/22 15:51:50 INFO ContextCleaner: Cleaned accumulator 187
20/05/22 15:51:50 INFO ContextCleaner: Cleaned accumulator 122
20/05/22 15:51:50 INFO ContextCleaner: Cleaned accumulator 77
20/05/22 15:51:50 INFO ContextCleaner: Cleaned accumulator 100
20/05/22 15:51:50 INFO ContextCleaner: Cleaned accumulator 38
20/05/22 15:51:50 INFO ContextCleaner: Cleaned accumulator 138
20/05/22 15:51:50 INFO ContextCleaner: Cleaned accumulator 119
20/05/22 15:51:50 INFO ContextCleaner: Cleaned accumulator 128
20/05/22 15:51:50 INFO ContextCleaner: Cleaned accumulator 176
20/05/22 15:51:50 INFO ContextCleaner: Cleaned accumulator 27
20/05/22 15:51:50 INFO ContextCleaner: Cleaned accumulator 142
20/05/22 15:51:50 INFO ContextCleaner: Cleaned accumulator 70
20/05/22 15:51:50 INFO ContextCleaner: Cleaned accumulator 175
20/05/22 15:51:50 INFO ContextCleaner: Cleaned accumulator 126
20/05/22 15:51:50 INFO ContextCleaner: Cleaned accumulator 35
20/05/22 15:51:50 INFO ContextCleaner: Cleaned accumulator 40
20/05/22 15:51:50 INFO ContextCleaner: Cleaned accumulator 48
20/05/22 15:51:50 INFO ContextCleaner: Cleaned accumulator 102
20/05/22 15:51:50 INFO ContextCleaner: Cleaned accumulator 183
20/05/22 15:51:50 INFO ContextCleaner: Cleaned accumulator 207
20/05/22 15:51:50 INFO BlockManagerInfo: Removed broadcast_4_piece0 on localhost:35205 in memory (size: 3.9 KB, free: 912.3 MB)
20/05/22 15:51:50 INFO ContextCleaner: Cleaned accumulator 51
20/05/22 15:51:50 INFO ContextCleaner: Cleaned accumulator 52
20/05/22 15:51:50 INFO ContextCleaner: Cleaned accumulator 174
20/05/22 15:51:50 INFO ContextCleaner: Cleaned accumulator 71
20/05/22 15:51:50 INFO ContextCleaner: Cleaned accumulator 148
20/05/22 15:51:50 INFO ContextCleaner: Cleaned accumulator 44
20/05/22 15:51:50 INFO ContextCleaner: Cleaned accumulator 159
20/05/22 15:51:50 INFO ContextCleaner: Cleaned accumulator 110
20/05/22 15:51:50 INFO ContextCleaner: Cleaned accumulator 201
20/05/22 15:51:50 INFO ContextCleaner: Cleaned accumulator 194
20/05/22 15:51:50 INFO ContextCleaner: Cleaned accumulator 107
20/05/22 15:51:50 INFO ContextCleaner: Cleaned accumulator 205
20/05/22 15:51:50 INFO ContextCleaner: Cleaned accumulator 113
20/05/22 15:51:50 INFO ContextCleaner: Cleaned accumulator 153
20/05/22 15:51:50 INFO ContextCleaner: Cleaned accumulator 178
20/05/22 15:51:50 INFO ContextCleaner: Cleaned accumulator 66
20/05/22 15:51:50 INFO ContextCleaner: Cleaned accumulator 214
20/05/22 15:51:50 INFO ContextCleaner: Cleaned accumulator 54
20/05/22 15:51:50 INFO ContextCleaner: Cleaned accumulator 172
20/05/22 15:51:50 INFO ContextCleaner: Cleaned accumulator 188
20/05/22 15:51:50 INFO ContextCleaner: Cleaned accumulator 131
20/05/22 15:51:50 INFO ContextCleaner: Cleaned accumulator 204
20/05/22 15:51:50 INFO ContextCleaner: Cleaned accumulator 93
20/05/22 15:51:50 INFO ContextCleaner: Cleaned accumulator 39
20/05/22 15:51:50 INFO ContextCleaner: Cleaned accumulator 208
20/05/22 15:51:50 INFO ContextCleaner: Cleaned accumulator 143
20/05/22 15:51:50 INFO ContextCleaner: Cleaned accumulator 79
20/05/22 15:51:50 INFO ContextCleaner: Cleaned accumulator 209
20/05/22 15:51:50 INFO ContextCleaner: Cleaned accumulator 104
20/05/22 15:51:50 INFO ContextCleaner: Cleaned accumulator 50
20/05/22 15:51:50 INFO ContextCleaner: Cleaned accumulator 99
20/05/22 15:51:50 INFO ContextCleaner: Cleaned accumulator 134
20/05/22 15:51:50 INFO ContextCleaner: Cleaned accumulator 49
20/05/22 15:51:50 INFO ContextCleaner: Cleaned accumulator 160
20/05/22 15:51:50 INFO ContextCleaner: Cleaned accumulator 36
20/05/22 15:51:50 INFO ContextCleaner: Cleaned accumulator 83
20/05/22 15:51:50 INFO ContextCleaner: Cleaned accumulator 92
20/05/22 15:51:50 INFO ContextCleaner: Cleaned accumulator 199
20/05/22 15:51:50 INFO ContextCleaner: Cleaned accumulator 81
20/05/22 15:51:50 INFO ContextCleaner: Cleaned accumulator 115
20/05/22 15:51:50 INFO ContextCleaner: Cleaned accumulator 145
20/05/22 15:51:50 INFO ContextCleaner: Cleaned accumulator 95
20/05/22 15:51:50 INFO ContextCleaner: Cleaned accumulator 117
20/05/22 15:51:50 INFO ContextCleaner: Cleaned accumulator 76
20/05/22 15:51:50 INFO ContextCleaner: Cleaned accumulator 123
20/05/22 15:51:50 INFO ContextCleaner: Cleaned accumulator 140
20/05/22 15:51:50 INFO ContextCleaner: Cleaned accumulator 61
20/05/22 15:51:50 INFO ContextCleaner: Cleaned accumulator 69
20/05/22 15:51:50 INFO ContextCleaner: Cleaned accumulator 65
20/05/22 15:51:50 INFO ContextCleaner: Cleaned accumulator 60
20/05/22 15:51:50 INFO ContextCleaner: Cleaned accumulator 55
20/05/22 15:51:50 INFO ContextCleaner: Cleaned accumulator 56
20/05/22 15:51:50 INFO ContextCleaner: Cleaned accumulator 91
20/05/22 15:51:50 INFO ContextCleaner: Cleaned accumulator 129
20/05/22 15:51:50 INFO ContextCleaner: Cleaned accumulator 118
20/05/22 15:51:50 INFO ContextCleaner: Cleaned accumulator 31
20/05/22 15:51:50 INFO ContextCleaner: Cleaned accumulator 164
20/05/22 15:51:50 INFO ContextCleaner: Cleaned accumulator 173
20/05/22 15:51:50 INFO ContextCleaner: Cleaned accumulator 167
20/05/22 15:51:50 INFO ContextCleaner: Cleaned accumulator 124
20/05/22 15:51:50 INFO ContextCleaner: Cleaned accumulator 135
20/05/22 15:51:50 INFO BlockManagerInfo: Removed broadcast_3_piece0 on localhost:35205 in memory (size: 9.6 KB, free: 912.3 MB)
20/05/22 15:51:50 INFO ContextCleaner: Cleaned accumulator 141
20/05/22 15:51:50 INFO ContextCleaner: Cleaned accumulator 171
20/05/22 15:51:50 INFO CodeGenerator: Code generated in 13.063095 ms
20/05/22 15:51:51 INFO CodeGenerator: Code generated in 62.846746 ms
20/05/22 15:51:53 INFO MemoryStore: Block rdd_42_0 stored as values in memory (estimated size 22.5 MB, free 889.7 MB)
20/05/22 15:51:53 INFO BlockManagerInfo: Added rdd_42_0 in memory on localhost:35205 (size: 22.5 MB, free: 889.8 MB)
20/05/22 15:51:53 INFO Executor: Finished task 0.0 in stage 7.0 (TID 7). 1738 bytes result sent to driver
20/05/22 15:51:53 INFO TaskSetManager: Finished task 0.0 in stage 7.0 (TID 7) in 2938 ms on localhost (executor driver) (1/1)
20/05/22 15:51:53 INFO TaskSchedulerImpl: Removed TaskSet 7.0, whose tasks have all completed, from pool 
20/05/22 15:51:53 INFO DAGScheduler: ShuffleMapStage 7 (sql at NativeMethodAccessorImpl.java:0) finished in 2.949 s
20/05/22 15:51:53 INFO DAGScheduler: looking for newly runnable stages
20/05/22 15:51:53 INFO DAGScheduler: running: Set()
20/05/22 15:51:53 INFO DAGScheduler: waiting: Set(ResultStage 8)
20/05/22 15:51:53 INFO DAGScheduler: failed: Set()
20/05/22 15:51:53 INFO DAGScheduler: Submitting ResultStage 8 (MapPartitionsRDD[50] at sql at NativeMethodAccessorImpl.java:0), which has no missing parents
20/05/22 15:51:53 INFO MemoryStore: Block broadcast_8 stored as values in memory (estimated size 7.3 KB, free 889.7 MB)
20/05/22 15:51:53 INFO MemoryStore: Block broadcast_8_piece0 stored as bytes in memory (estimated size 3.9 KB, free 889.7 MB)
20/05/22 15:51:53 INFO BlockManagerInfo: Added broadcast_8_piece0 in memory on localhost:35205 (size: 3.9 KB, free: 889.8 MB)
20/05/22 15:51:53 INFO SparkContext: Created broadcast 8 from broadcast at DAGScheduler.scala:1163
20/05/22 15:51:53 INFO DAGScheduler: Submitting 1 missing tasks from ResultStage 8 (MapPartitionsRDD[50] at sql at NativeMethodAccessorImpl.java:0) (first 15 tasks are for partitions Vector(0))
20/05/22 15:51:53 INFO TaskSchedulerImpl: Adding task set 8.0 with 1 tasks
20/05/22 15:51:53 INFO TaskSetManager: Starting task 0.0 in stage 8.0 (TID 8, localhost, executor driver, partition 0, NODE_LOCAL, 7767 bytes)
20/05/22 15:51:53 INFO Executor: Running task 0.0 in stage 8.0 (TID 8)
20/05/22 15:51:53 INFO ShuffleBlockFetcherIterator: Getting 1 non-empty blocks including 1 local blocks and 0 remote blocks
20/05/22 15:51:53 INFO ShuffleBlockFetcherIterator: Started 0 remote fetches in 0 ms
20/05/22 15:51:53 INFO Executor: Finished task 0.0 in stage 8.0 (TID 8). 1782 bytes result sent to driver
20/05/22 15:51:53 INFO TaskSetManager: Finished task 0.0 in stage 8.0 (TID 8) in 4 ms on localhost (executor driver) (1/1)
20/05/22 15:51:53 INFO TaskSchedulerImpl: Removed TaskSet 8.0, whose tasks have all completed, from pool 
20/05/22 15:51:53 INFO DAGScheduler: ResultStage 8 (sql at NativeMethodAccessorImpl.java:0) finished in 0.009 s
20/05/22 15:51:53 INFO DAGScheduler: Job 5 finished: sql at NativeMethodAccessorImpl.java:0, took 2.964035 s
20/05/22 15:51:53 INFO SparkContext: Starting job: collect at utils.scala:353
20/05/22 15:51:53 INFO DAGScheduler: Registering RDD 55 (collect at utils.scala:353) as input to shuffle 3
20/05/22 15:51:53 INFO DAGScheduler: Got job 6 (collect at utils.scala:353) with 1 output partitions
20/05/22 15:51:53 INFO DAGScheduler: Final stage: ResultStage 10 (collect at utils.scala:353)
20/05/22 15:51:53 INFO DAGScheduler: Parents of final stage: List(ShuffleMapStage 9)
20/05/22 15:51:53 INFO DAGScheduler: Missing parents: List(ShuffleMapStage 9)
20/05/22 15:51:53 INFO DAGScheduler: Submitting ShuffleMapStage 9 (MapPartitionsRDD[55] at collect at utils.scala:353), which has no missing parents
20/05/22 15:51:53 INFO MemoryStore: Block broadcast_9 stored as values in memory (estimated size 34.2 KB, free 889.7 MB)
20/05/22 15:51:53 INFO MemoryStore: Block broadcast_9_piece0 stored as bytes in memory (estimated size 14.5 KB, free 889.7 MB)
20/05/22 15:51:53 INFO BlockManagerInfo: Added broadcast_9_piece0 in memory on localhost:35205 (size: 14.5 KB, free: 889.8 MB)
20/05/22 15:51:53 INFO SparkContext: Created broadcast 9 from broadcast at DAGScheduler.scala:1163
20/05/22 15:51:53 INFO DAGScheduler: Submitting 1 missing tasks from ShuffleMapStage 9 (MapPartitionsRDD[55] at collect at utils.scala:353) (first 15 tasks are for partitions Vector(0))
20/05/22 15:51:53 INFO TaskSchedulerImpl: Adding task set 9.0 with 1 tasks
20/05/22 15:51:53 WARN TaskSetManager: Stage 9 contains a task of very large size (27702 KB). The maximum recommended task size is 100 KB.
20/05/22 15:51:53 INFO TaskSetManager: Starting task 0.0 in stage 9.0 (TID 9, localhost, executor driver, partition 0, PROCESS_LOCAL, 28367217 bytes)
20/05/22 15:51:53 INFO Executor: Running task 0.0 in stage 9.0 (TID 9)
20/05/22 15:51:53 INFO BlockManager: Found block rdd_42_0 locally
20/05/22 15:51:53 INFO Executor: Finished task 0.0 in stage 9.0 (TID 9). 1781 bytes result sent to driver
20/05/22 15:51:53 INFO TaskSetManager: Finished task 0.0 in stage 9.0 (TID 9) in 273 ms on localhost (executor driver) (1/1)
20/05/22 15:51:53 INFO TaskSchedulerImpl: Removed TaskSet 9.0, whose tasks have all completed, from pool 
20/05/22 15:51:53 INFO DAGScheduler: ShuffleMapStage 9 (collect at utils.scala:353) finished in 0.279 s
20/05/22 15:51:53 INFO DAGScheduler: looking for newly runnable stages
20/05/22 15:51:53 INFO DAGScheduler: running: Set()
20/05/22 15:51:53 INFO DAGScheduler: waiting: Set(ResultStage 10)
20/05/22 15:51:53 INFO DAGScheduler: failed: Set()
20/05/22 15:51:53 INFO DAGScheduler: Submitting ResultStage 10 (MapPartitionsRDD[58] at collect at utils.scala:353), which has no missing parents
20/05/22 15:51:53 INFO MemoryStore: Block broadcast_10 stored as values in memory (estimated size 7.3 KB, free 889.7 MB)
20/05/22 15:51:53 INFO MemoryStore: Block broadcast_10_piece0 stored as bytes in memory (estimated size 3.9 KB, free 889.7 MB)
20/05/22 15:51:53 INFO BlockManagerInfo: Added broadcast_10_piece0 in memory on localhost:35205 (size: 3.9 KB, free: 889.8 MB)
20/05/22 15:51:53 INFO SparkContext: Created broadcast 10 from broadcast at DAGScheduler.scala:1163
20/05/22 15:51:53 INFO DAGScheduler: Submitting 1 missing tasks from ResultStage 10 (MapPartitionsRDD[58] at collect at utils.scala:353) (first 15 tasks are for partitions Vector(0))
20/05/22 15:51:53 INFO TaskSchedulerImpl: Adding task set 10.0 with 1 tasks
20/05/22 15:51:53 INFO TaskSetManager: Starting task 0.0 in stage 10.0 (TID 10, localhost, executor driver, partition 0, NODE_LOCAL, 7767 bytes)
20/05/22 15:51:53 INFO Executor: Running task 0.0 in stage 10.0 (TID 10)
20/05/22 15:51:53 INFO ShuffleBlockFetcherIterator: Getting 1 non-empty blocks including 1 local blocks and 0 remote blocks
20/05/22 15:51:53 INFO ShuffleBlockFetcherIterator: Started 0 remote fetches in 1 ms
20/05/22 15:51:53 INFO Executor: Finished task 0.0 in stage 10.0 (TID 10). 1825 bytes result sent to driver
20/05/22 15:51:53 INFO TaskSetManager: Finished task 0.0 in stage 10.0 (TID 10) in 6 ms on localhost (executor driver) (1/1)
20/05/22 15:51:53 INFO TaskSchedulerImpl: Removed TaskSet 10.0, whose tasks have all completed, from pool 
20/05/22 15:51:53 INFO DAGScheduler: ResultStage 10 (collect at utils.scala:353) finished in 0.010 s
20/05/22 15:51:53 INFO DAGScheduler: Job 6 finished: collect at utils.scala:353, took 0.293320 s
20/05/22 15:52:05 INFO ContextCleaner: Cleaned accumulator 286
20/05/22 15:52:05 INFO ContextCleaner: Cleaned accumulator 307
20/05/22 15:52:05 INFO ContextCleaner: Cleaned accumulator 308
20/05/22 15:52:05 INFO ContextCleaner: Cleaned accumulator 327
20/05/22 15:52:05 INFO BlockManagerInfo: Removed broadcast_8_piece0 on localhost:35205 in memory (size: 3.9 KB, free: 889.8 MB)
20/05/22 15:52:05 INFO ContextCleaner: Cleaned accumulator 298
20/05/22 15:52:05 INFO ContextCleaner: Cleaned accumulator 330
20/05/22 15:52:05 INFO ContextCleaner: Cleaned accumulator 346
20/05/22 15:52:05 INFO ContextCleaner: Cleaned accumulator 329
20/05/22 15:52:05 INFO ContextCleaner: Cleaned accumulator 321
20/05/22 15:52:05 INFO ContextCleaner: Cleaned accumulator 320
20/05/22 15:52:05 INFO ContextCleaner: Cleaned accumulator 328
20/05/22 15:52:05 INFO ContextCleaner: Cleaned accumulator 299
20/05/22 15:52:05 INFO ContextCleaner: Cleaned accumulator 323
20/05/22 15:52:05 INFO ContextCleaner: Cleaned accumulator 296
20/05/22 15:52:05 INFO ContextCleaner: Cleaned accumulator 316
20/05/22 15:52:05 INFO ContextCleaner: Cleaned accumulator 295
20/05/22 15:52:05 INFO BlockManagerInfo: Removed broadcast_10_piece0 on localhost:35205 in memory (size: 3.9 KB, free: 889.8 MB)
20/05/22 15:52:05 INFO ContextCleaner: Cleaned accumulator 311
20/05/22 15:52:05 INFO ContextCleaner: Cleaned accumulator 337
20/05/22 15:52:05 INFO ContextCleaner: Cleaned accumulator 293
20/05/22 15:52:05 INFO ContextCleaner: Cleaned accumulator 300
20/05/22 15:52:05 INFO ContextCleaner: Cleaned accumulator 315
20/05/22 15:52:05 INFO ContextCleaner: Cleaned accumulator 290
20/05/22 15:52:05 INFO ContextCleaner: Cleaned accumulator 313
20/05/22 15:52:05 INFO ContextCleaner: Cleaned accumulator 314
20/05/22 15:52:05 INFO ContextCleaner: Cleaned accumulator 283
20/05/22 15:52:05 INFO ContextCleaner: Cleaned accumulator 281
20/05/22 15:52:05 INFO ContextCleaner: Cleaned accumulator 324
20/05/22 15:52:05 INFO ContextCleaner: Cleaned accumulator 336
20/05/22 15:52:05 INFO ContextCleaner: Cleaned accumulator 326
20/05/22 15:52:05 INFO ContextCleaner: Cleaned accumulator 289
20/05/22 15:52:05 INFO ContextCleaner: Cleaned accumulator 292
20/05/22 15:52:05 INFO ContextCleaner: Cleaned accumulator 331
20/05/22 15:52:05 INFO ContextCleaner: Cleaned accumulator 338
20/05/22 15:52:05 INFO ContextCleaner: Cleaned accumulator 322
20/05/22 15:52:05 INFO ContextCleaner: Cleaned accumulator 319
20/05/22 15:52:05 INFO ContextCleaner: Cleaned accumulator 303
20/05/22 15:52:05 INFO ContextCleaner: Cleaned accumulator 305
20/05/22 15:52:05 INFO ContextCleaner: Cleaned accumulator 343
20/05/22 15:52:05 INFO ContextCleaner: Cleaned accumulator 302
20/05/22 15:52:05 INFO ContextCleaner: Cleaned accumulator 317
20/05/22 15:52:05 INFO ContextCleaner: Cleaned accumulator 285
20/05/22 15:52:05 INFO ContextCleaner: Cleaned accumulator 332
20/05/22 15:52:05 INFO ContextCleaner: Cleaned accumulator 310
20/05/22 15:52:05 INFO ContextCleaner: Cleaned accumulator 297
20/05/22 15:52:05 INFO ContextCleaner: Cleaned accumulator 282
20/05/22 15:52:05 INFO ContextCleaner: Cleaned accumulator 335
20/05/22 15:52:05 INFO ContextCleaner: Cleaned accumulator 341
20/05/22 15:52:05 INFO ContextCleaner: Cleaned accumulator 304
20/05/22 15:52:05 INFO ContextCleaner: Cleaned accumulator 340
20/05/22 15:52:05 INFO ContextCleaner: Cleaned accumulator 288
20/05/22 15:52:05 INFO ContextCleaner: Cleaned shuffle 3
20/05/22 15:52:05 INFO ContextCleaner: Cleaned accumulator 312
20/05/22 15:52:05 INFO BlockManagerInfo: Removed broadcast_9_piece0 on localhost:35205 in memory (size: 14.5 KB, free: 889.8 MB)
20/05/22 15:52:05 INFO CodeGenerator: Code generated in 11.931565 ms
20/05/22 15:52:05 INFO ContextCleaner: Cleaned accumulator 339
20/05/22 15:52:05 INFO ContextCleaner: Cleaned accumulator 342
20/05/22 15:52:05 INFO ContextCleaner: Cleaned accumulator 287
20/05/22 15:52:05 INFO ContextCleaner: Cleaned accumulator 334
20/05/22 15:52:05 INFO ContextCleaner: Cleaned accumulator 291
20/05/22 15:52:05 INFO ContextCleaner: Cleaned accumulator 284
20/05/22 15:52:05 INFO ContextCleaner: Cleaned accumulator 345
20/05/22 15:52:05 INFO ContextCleaner: Cleaned accumulator 301
20/05/22 15:52:05 INFO ContextCleaner: Cleaned accumulator 333
20/05/22 15:52:05 INFO ContextCleaner: Cleaned accumulator 294
20/05/22 15:52:05 INFO ContextCleaner: Cleaned accumulator 344
20/05/22 15:52:05 INFO ContextCleaner: Cleaned accumulator 309
20/05/22 15:52:05 INFO ContextCleaner: Cleaned accumulator 306
20/05/22 15:52:05 INFO ContextCleaner: Cleaned accumulator 325
20/05/22 15:52:05 INFO ContextCleaner: Cleaned accumulator 318
20/05/22 15:52:05 INFO SparkContext: Starting job: collect at utils.scala:353
20/05/22 15:52:05 INFO DAGScheduler: Got job 7 (collect at utils.scala:353) with 1 output partitions
20/05/22 15:52:05 INFO DAGScheduler: Final stage: ResultStage 11 (collect at utils.scala:353)
20/05/22 15:52:05 INFO DAGScheduler: Parents of final stage: List()
20/05/22 15:52:05 INFO DAGScheduler: Missing parents: List()
20/05/22 15:52:05 INFO DAGScheduler: Submitting ResultStage 11 (MapPartitionsRDD[63] at collect at utils.scala:353), which has no missing parents
20/05/22 15:52:05 INFO MemoryStore: Block broadcast_11 stored as values in memory (estimated size 30.2 KB, free 889.7 MB)
20/05/22 15:52:05 INFO MemoryStore: Block broadcast_11_piece0 stored as bytes in memory (estimated size 12.2 KB, free 889.7 MB)
20/05/22 15:52:05 INFO BlockManagerInfo: Added broadcast_11_piece0 in memory on localhost:35205 (size: 12.2 KB, free: 889.8 MB)
20/05/22 15:52:05 INFO SparkContext: Created broadcast 11 from broadcast at DAGScheduler.scala:1163
20/05/22 15:52:05 INFO DAGScheduler: Submitting 1 missing tasks from ResultStage 11 (MapPartitionsRDD[63] at collect at utils.scala:353) (first 15 tasks are for partitions Vector(0))
20/05/22 15:52:05 INFO TaskSchedulerImpl: Adding task set 11.0 with 1 tasks
20/05/22 15:52:05 WARN TaskSetManager: Stage 11 contains a task of very large size (27702 KB). The maximum recommended task size is 100 KB.
20/05/22 15:52:05 INFO TaskSetManager: Starting task 0.0 in stage 11.0 (TID 11, localhost, executor driver, partition 0, PROCESS_LOCAL, 28367228 bytes)
20/05/22 15:52:05 INFO Executor: Running task 0.0 in stage 11.0 (TID 11)
20/05/22 15:52:05 INFO BlockManager: Found block rdd_42_0 locally
20/05/22 15:52:05 INFO CodeGenerator: Code generated in 15.510678 ms
20/05/22 15:52:05 INFO Executor: 1 block locks were not released by TID = 11:
[rdd_42_0]
20/05/22 15:52:05 INFO Executor: Finished task 0.0 in stage 11.0 (TID 11). 2107 bytes result sent to driver
20/05/22 15:52:05 INFO TaskSetManager: Finished task 0.0 in stage 11.0 (TID 11) in 260 ms on localhost (executor driver) (1/1)
20/05/22 15:52:05 INFO TaskSchedulerImpl: Removed TaskSet 11.0, whose tasks have all completed, from pool 
20/05/22 15:52:05 INFO DAGScheduler: ResultStage 11 (collect at utils.scala:353) finished in 0.267 s
20/05/22 15:52:05 INFO DAGScheduler: Job 7 finished: collect at utils.scala:353, took 0.268561 s
20/05/22 15:52:36 INFO CodeGenerator: Code generated in 6.402535 ms
20/05/22 15:52:36 INFO CodeGenerator: Code generated in 19.277876 ms
20/05/22 15:52:36 INFO CodeGenerator: Code generated in 32.666928 ms
20/05/22 15:52:36 INFO SparkContext: Starting job: collect at utils.scala:353
20/05/22 15:52:36 INFO DAGScheduler: Registering RDD 68 (collect at utils.scala:353) as input to shuffle 4
20/05/22 15:52:36 INFO DAGScheduler: Got job 8 (collect at utils.scala:353) with 8 output partitions
20/05/22 15:52:36 INFO DAGScheduler: Final stage: ResultStage 13 (collect at utils.scala:353)
20/05/22 15:52:36 INFO DAGScheduler: Parents of final stage: List(ShuffleMapStage 12)
20/05/22 15:52:36 INFO DAGScheduler: Missing parents: List(ShuffleMapStage 12)
20/05/22 15:52:36 INFO DAGScheduler: Submitting ShuffleMapStage 12 (MapPartitionsRDD[68] at collect at utils.scala:353), which has no missing parents
20/05/22 15:52:36 INFO MemoryStore: Block broadcast_12 stored as values in memory (estimated size 56.1 KB, free 889.7 MB)
20/05/22 15:52:36 INFO MemoryStore: Block broadcast_12_piece0 stored as bytes in memory (estimated size 22.7 KB, free 889.6 MB)
20/05/22 15:52:36 INFO BlockManagerInfo: Added broadcast_12_piece0 in memory on localhost:35205 (size: 22.7 KB, free: 889.7 MB)
20/05/22 15:52:36 INFO SparkContext: Created broadcast 12 from broadcast at DAGScheduler.scala:1163
20/05/22 15:52:36 INFO DAGScheduler: Submitting 1 missing tasks from ShuffleMapStage 12 (MapPartitionsRDD[68] at collect at utils.scala:353) (first 15 tasks are for partitions Vector(0))
20/05/22 15:52:36 INFO TaskSchedulerImpl: Adding task set 12.0 with 1 tasks
20/05/22 15:52:36 INFO ContextCleaner: Cleaned accumulator 354
20/05/22 15:52:36 INFO ContextCleaner: Cleaned accumulator 358
20/05/22 15:52:36 INFO ContextCleaner: Cleaned accumulator 352
20/05/22 15:52:36 INFO BlockManagerInfo: Removed broadcast_11_piece0 on localhost:35205 in memory (size: 12.2 KB, free: 889.8 MB)
20/05/22 15:52:36 INFO ContextCleaner: Cleaned accumulator 348
20/05/22 15:52:36 INFO ContextCleaner: Cleaned accumulator 350
20/05/22 15:52:36 INFO ContextCleaner: Cleaned accumulator 355
20/05/22 15:52:36 INFO ContextCleaner: Cleaned accumulator 368
20/05/22 15:52:36 INFO ContextCleaner: Cleaned accumulator 366
20/05/22 15:52:36 INFO ContextCleaner: Cleaned accumulator 362
20/05/22 15:52:36 INFO ContextCleaner: Cleaned accumulator 367
20/05/22 15:52:36 INFO ContextCleaner: Cleaned accumulator 364
20/05/22 15:52:36 INFO ContextCleaner: Cleaned accumulator 373
20/05/22 15:52:36 INFO ContextCleaner: Cleaned accumulator 360
20/05/22 15:52:36 INFO ContextCleaner: Cleaned accumulator 372
20/05/22 15:52:36 INFO ContextCleaner: Cleaned accumulator 351
20/05/22 15:52:36 INFO ContextCleaner: Cleaned accumulator 359
20/05/22 15:52:36 INFO ContextCleaner: Cleaned accumulator 349
20/05/22 15:52:36 INFO ContextCleaner: Cleaned accumulator 347
20/05/22 15:52:36 INFO ContextCleaner: Cleaned accumulator 356
20/05/22 15:52:36 INFO ContextCleaner: Cleaned accumulator 365
20/05/22 15:52:36 INFO ContextCleaner: Cleaned accumulator 369
20/05/22 15:52:36 INFO ContextCleaner: Cleaned accumulator 370
20/05/22 15:52:36 INFO ContextCleaner: Cleaned accumulator 353
20/05/22 15:52:36 INFO ContextCleaner: Cleaned accumulator 361
20/05/22 15:52:36 INFO ContextCleaner: Cleaned accumulator 371
20/05/22 15:52:36 INFO ContextCleaner: Cleaned accumulator 374
20/05/22 15:52:36 INFO ContextCleaner: Cleaned accumulator 357
20/05/22 15:52:36 INFO ContextCleaner: Cleaned accumulator 363
20/05/22 15:52:36 WARN TaskSetManager: Stage 12 contains a task of very large size (27702 KB). The maximum recommended task size is 100 KB.
20/05/22 15:52:36 INFO TaskSetManager: Starting task 0.0 in stage 12.0 (TID 12, localhost, executor driver, partition 0, PROCESS_LOCAL, 28367217 bytes)
20/05/22 15:52:36 INFO Executor: Running task 0.0 in stage 12.0 (TID 12)
20/05/22 15:52:36 INFO BlockManager: Found block rdd_42_0 locally
20/05/22 15:52:36 INFO CodeGenerator: Code generated in 10.164379 ms
20/05/22 15:52:36 INFO CodeGenerator: Code generated in 8.874247 ms
20/05/22 15:52:36 INFO CodeGenerator: Code generated in 5.339603 ms
20/05/22 15:52:36 INFO CodeGenerator: Code generated in 5.556446 ms
20/05/22 15:52:36 INFO CodeGenerator: Code generated in 4.625937 ms
20/05/22 15:52:37 INFO Executor: Finished task 0.0 in stage 12.0 (TID 12). 2111 bytes result sent to driver
20/05/22 15:52:37 INFO TaskSetManager: Finished task 0.0 in stage 12.0 (TID 12) in 477 ms on localhost (executor driver) (1/1)
20/05/22 15:52:37 INFO TaskSchedulerImpl: Removed TaskSet 12.0, whose tasks have all completed, from pool 
20/05/22 15:52:37 INFO DAGScheduler: ShuffleMapStage 12 (collect at utils.scala:353) finished in 0.483 s
20/05/22 15:52:37 INFO DAGScheduler: looking for newly runnable stages
20/05/22 15:52:37 INFO DAGScheduler: running: Set()
20/05/22 15:52:37 INFO DAGScheduler: waiting: Set(ResultStage 13)
20/05/22 15:52:37 INFO DAGScheduler: failed: Set()
20/05/22 15:52:37 INFO DAGScheduler: Submitting ResultStage 13 (MapPartitionsRDD[71] at collect at utils.scala:353), which has no missing parents
20/05/22 15:52:37 INFO MemoryStore: Block broadcast_13 stored as values in memory (estimated size 51.9 KB, free 889.6 MB)
20/05/22 15:52:37 INFO MemoryStore: Block broadcast_13_piece0 stored as bytes in memory (estimated size 21.5 KB, free 889.6 MB)
20/05/22 15:52:37 INFO BlockManagerInfo: Added broadcast_13_piece0 in memory on localhost:35205 (size: 21.5 KB, free: 889.7 MB)
20/05/22 15:52:37 INFO SparkContext: Created broadcast 13 from broadcast at DAGScheduler.scala:1163
20/05/22 15:52:37 INFO DAGScheduler: Submitting 8 missing tasks from ResultStage 13 (MapPartitionsRDD[71] at collect at utils.scala:353) (first 15 tasks are for partitions Vector(0, 1, 2, 3, 4, 5, 6, 7))
20/05/22 15:52:37 INFO TaskSchedulerImpl: Adding task set 13.0 with 8 tasks
20/05/22 15:52:37 INFO TaskSetManager: Starting task 0.0 in stage 13.0 (TID 13, localhost, executor driver, partition 0, NODE_LOCAL, 7767 bytes)
20/05/22 15:52:37 INFO TaskSetManager: Starting task 1.0 in stage 13.0 (TID 14, localhost, executor driver, partition 1, NODE_LOCAL, 7767 bytes)
20/05/22 15:52:37 INFO TaskSetManager: Starting task 2.0 in stage 13.0 (TID 15, localhost, executor driver, partition 2, NODE_LOCAL, 7767 bytes)
20/05/22 15:52:37 INFO TaskSetManager: Starting task 3.0 in stage 13.0 (TID 16, localhost, executor driver, partition 3, NODE_LOCAL, 7767 bytes)
20/05/22 15:52:37 INFO TaskSetManager: Starting task 4.0 in stage 13.0 (TID 17, localhost, executor driver, partition 4, NODE_LOCAL, 7767 bytes)
20/05/22 15:52:37 INFO TaskSetManager: Starting task 5.0 in stage 13.0 (TID 18, localhost, executor driver, partition 5, NODE_LOCAL, 7767 bytes)
20/05/22 15:52:37 INFO TaskSetManager: Starting task 6.0 in stage 13.0 (TID 19, localhost, executor driver, partition 6, NODE_LOCAL, 7767 bytes)
20/05/22 15:52:37 INFO TaskSetManager: Starting task 7.0 in stage 13.0 (TID 20, localhost, executor driver, partition 7, NODE_LOCAL, 7767 bytes)
20/05/22 15:52:37 INFO Executor: Running task 0.0 in stage 13.0 (TID 13)
20/05/22 15:52:37 INFO Executor: Running task 1.0 in stage 13.0 (TID 14)
20/05/22 15:52:37 INFO Executor: Running task 2.0 in stage 13.0 (TID 15)
20/05/22 15:52:37 INFO Executor: Running task 5.0 in stage 13.0 (TID 18)
20/05/22 15:52:37 INFO Executor: Running task 3.0 in stage 13.0 (TID 16)
20/05/22 15:52:37 INFO Executor: Running task 6.0 in stage 13.0 (TID 19)
20/05/22 15:52:37 INFO Executor: Running task 4.0 in stage 13.0 (TID 17)
20/05/22 15:52:37 INFO ShuffleBlockFetcherIterator: Getting 1 non-empty blocks including 1 local blocks and 0 remote blocks
20/05/22 15:52:37 INFO ShuffleBlockFetcherIterator: Started 0 remote fetches in 0 ms
20/05/22 15:52:37 INFO ShuffleBlockFetcherIterator: Getting 1 non-empty blocks including 1 local blocks and 0 remote blocks
20/05/22 15:52:37 INFO ShuffleBlockFetcherIterator: Started 0 remote fetches in 0 ms
20/05/22 15:52:37 INFO ShuffleBlockFetcherIterator: Getting 1 non-empty blocks including 1 local blocks and 0 remote blocks
20/05/22 15:52:37 INFO ShuffleBlockFetcherIterator: Started 0 remote fetches in 3 ms
20/05/22 15:52:37 INFO Executor: Running task 7.0 in stage 13.0 (TID 20)
20/05/22 15:52:37 INFO ShuffleBlockFetcherIterator: Getting 1 non-empty blocks including 1 local blocks and 0 remote blocks
20/05/22 15:52:37 INFO ShuffleBlockFetcherIterator: Getting 1 non-empty blocks including 1 local blocks and 0 remote blocks
20/05/22 15:52:37 INFO ShuffleBlockFetcherIterator: Started 0 remote fetches in 9 ms
20/05/22 15:52:37 INFO ShuffleBlockFetcherIterator: Getting 1 non-empty blocks including 1 local blocks and 0 remote blocks
20/05/22 15:52:37 INFO ShuffleBlockFetcherIterator: Started 0 remote fetches in 9 ms
20/05/22 15:52:37 INFO ShuffleBlockFetcherIterator: Getting 1 non-empty blocks including 1 local blocks and 0 remote blocks
20/05/22 15:52:37 INFO ShuffleBlockFetcherIterator: Getting 1 non-empty blocks including 1 local blocks and 0 remote blocks
20/05/22 15:52:37 INFO ShuffleBlockFetcherIterator: Started 0 remote fetches in 12 ms
20/05/22 15:52:37 INFO Executor: Finished task 3.0 in stage 13.0 (TID 16). 13144 bytes result sent to driver
20/05/22 15:52:37 INFO ShuffleBlockFetcherIterator: Started 0 remote fetches in 7 ms
20/05/22 15:52:37 INFO ShuffleBlockFetcherIterator: Started 0 remote fetches in 18 ms
20/05/22 15:52:37 INFO Executor: Finished task 2.0 in stage 13.0 (TID 15). 13815 bytes result sent to driver
20/05/22 15:52:37 INFO TaskSetManager: Finished task 3.0 in stage 13.0 (TID 16) in 39 ms on localhost (executor driver) (1/8)
20/05/22 15:52:37 INFO Executor: Finished task 7.0 in stage 13.0 (TID 20). 11667 bytes result sent to driver
20/05/22 15:52:37 INFO TaskSetManager: Finished task 2.0 in stage 13.0 (TID 15) in 44 ms on localhost (executor driver) (2/8)
20/05/22 15:52:37 INFO TaskSetManager: Finished task 7.0 in stage 13.0 (TID 20) in 43 ms on localhost (executor driver) (3/8)
20/05/22 15:52:37 INFO Executor: Finished task 5.0 in stage 13.0 (TID 18). 13183 bytes result sent to driver
20/05/22 15:52:37 INFO Executor: Finished task 0.0 in stage 13.0 (TID 13). 12830 bytes result sent to driver
20/05/22 15:52:37 INFO TaskSetManager: Finished task 5.0 in stage 13.0 (TID 18) in 47 ms on localhost (executor driver) (4/8)
20/05/22 15:52:37 INFO TaskSetManager: Finished task 0.0 in stage 13.0 (TID 13) in 49 ms on localhost (executor driver) (5/8)
20/05/22 15:52:37 INFO Executor: Finished task 1.0 in stage 13.0 (TID 14). 12387 bytes result sent to driver
20/05/22 15:52:37 INFO TaskSetManager: Finished task 1.0 in stage 13.0 (TID 14) in 51 ms on localhost (executor driver) (6/8)
20/05/22 15:52:37 INFO Executor: Finished task 4.0 in stage 13.0 (TID 17). 12628 bytes result sent to driver
20/05/22 15:52:37 INFO TaskSetManager: Finished task 4.0 in stage 13.0 (TID 17) in 55 ms on localhost (executor driver) (7/8)
20/05/22 15:52:37 INFO Executor: Finished task 6.0 in stage 13.0 (TID 19). 12656 bytes result sent to driver
20/05/22 15:52:37 INFO TaskSetManager: Finished task 6.0 in stage 13.0 (TID 19) in 56 ms on localhost (executor driver) (8/8)
20/05/22 15:52:37 INFO TaskSchedulerImpl: Removed TaskSet 13.0, whose tasks have all completed, from pool 
20/05/22 15:52:37 INFO DAGScheduler: ResultStage 13 (collect at utils.scala:353) finished in 0.061 s
20/05/22 15:52:37 INFO DAGScheduler: Job 8 finished: collect at utils.scala:353, took 0.548968 s
20/05/22 15:53:27 INFO HiveMetaStore: 0: get_database: default
20/05/22 15:53:27 INFO audit: ugi=shun	ip=unknown-ip-addr	cmd=get_database: default	
20/05/22 15:53:27 INFO HiveMetaStore: 0: get_database: default
20/05/22 15:53:27 INFO audit: ugi=shun	ip=unknown-ip-addr	cmd=get_database: default	
20/05/22 15:53:27 INFO HiveMetaStore: 0: get_tables: db=default pat=*
20/05/22 15:53:27 INFO audit: ugi=shun	ip=unknown-ip-addr	cmd=get_tables: db=default pat=*	
20/05/22 15:53:27 INFO CodeGenerator: Code generated in 5.288464 ms
20/05/22 15:53:27 INFO CodeGenerator: Code generated in 4.074744 ms
20/05/22 16:19:49 INFO BlockManagerInfo: Removed broadcast_7_piece0 on localhost:35205 in memory (size: 14.5 KB, free: 889.8 MB)
20/05/22 16:19:49 INFO ContextCleaner: Cleaned accumulator 401
20/05/22 16:19:49 INFO ContextCleaner: Cleaned accumulator 411
20/05/22 16:19:49 INFO ContextCleaner: Cleaned accumulator 400
20/05/22 16:19:49 INFO ContextCleaner: Cleaned accumulator 378
20/05/22 16:19:49 INFO ContextCleaner: Cleaned accumulator 441
20/05/22 16:19:49 INFO ContextCleaner: Cleaned accumulator 409
20/05/22 16:19:49 INFO ContextCleaner: Cleaned accumulator 398
20/05/22 16:19:49 INFO ContextCleaner: Cleaned accumulator 439
20/05/22 16:19:49 INFO ContextCleaner: Cleaned accumulator 410
20/05/22 16:19:49 INFO ContextCleaner: Cleaned accumulator 393
20/05/22 16:19:49 INFO ContextCleaner: Cleaned accumulator 423
20/05/22 16:19:49 INFO ContextCleaner: Cleaned accumulator 390
20/05/22 16:19:49 INFO ContextCleaner: Cleaned accumulator 403
20/05/22 16:19:49 INFO ContextCleaner: Cleaned accumulator 408
20/05/22 16:19:49 INFO ContextCleaner: Cleaned accumulator 375
20/05/22 16:19:49 INFO ContextCleaner: Cleaned accumulator 387
20/05/22 16:19:49 INFO ContextCleaner: Cleaned accumulator 420
20/05/22 16:19:49 INFO ContextCleaner: Cleaned accumulator 381
20/05/22 16:19:49 INFO ContextCleaner: Cleaned accumulator 415
20/05/22 16:19:49 INFO ContextCleaner: Cleaned accumulator 379
20/05/22 16:19:49 INFO ContextCleaner: Cleaned accumulator 428
20/05/22 16:19:49 INFO ContextCleaner: Cleaned shuffle 4
20/05/22 16:19:49 INFO ContextCleaner: Cleaned accumulator 433
20/05/22 16:19:49 INFO ContextCleaner: Cleaned accumulator 414
20/05/22 16:19:49 INFO ContextCleaner: Cleaned accumulator 426
20/05/22 16:19:49 INFO ContextCleaner: Cleaned accumulator 386
20/05/22 16:19:49 INFO ContextCleaner: Cleaned accumulator 394
20/05/22 16:19:49 INFO ContextCleaner: Cleaned accumulator 435
20/05/22 16:19:49 INFO ContextCleaner: Cleaned accumulator 422
20/05/22 16:19:49 INFO ContextCleaner: Cleaned accumulator 424
20/05/22 16:19:49 INFO ContextCleaner: Cleaned accumulator 417
20/05/22 16:19:49 INFO ContextCleaner: Cleaned accumulator 389
20/05/22 16:19:49 INFO ContextCleaner: Cleaned accumulator 416
20/05/22 16:19:49 INFO ContextCleaner: Cleaned accumulator 406
20/05/22 16:19:49 INFO ContextCleaner: Cleaned accumulator 405
20/05/22 16:19:49 INFO ContextCleaner: Cleaned accumulator 383
20/05/22 16:19:49 INFO ContextCleaner: Cleaned accumulator 419
20/05/22 16:19:49 INFO ContextCleaner: Cleaned accumulator 412
20/05/22 16:19:49 INFO ContextCleaner: Cleaned accumulator 438
20/05/22 16:19:49 INFO ContextCleaner: Cleaned accumulator 425
20/05/22 16:19:49 INFO ContextCleaner: Cleaned accumulator 430
20/05/22 16:19:49 INFO ContextCleaner: Cleaned accumulator 404
20/05/22 16:19:49 INFO ContextCleaner: Cleaned accumulator 380
20/05/22 16:19:49 INFO BlockManagerInfo: Removed broadcast_12_piece0 on localhost:35205 in memory (size: 22.7 KB, free: 889.8 MB)
20/05/22 16:19:49 INFO ContextCleaner: Cleaned accumulator 437
20/05/22 16:19:49 INFO BlockManagerInfo: Removed broadcast_13_piece0 on localhost:35205 in memory (size: 21.5 KB, free: 889.8 MB)
20/05/22 16:19:49 INFO ContextCleaner: Cleaned accumulator 392
20/05/22 16:19:49 INFO ContextCleaner: Cleaned accumulator 376
20/05/22 16:19:49 INFO ContextCleaner: Cleaned accumulator 434
20/05/22 16:19:49 INFO ContextCleaner: Cleaned accumulator 396
20/05/22 16:19:49 INFO ContextCleaner: Cleaned accumulator 395
20/05/22 16:19:49 INFO ContextCleaner: Cleaned accumulator 391
20/05/22 16:19:49 INFO ContextCleaner: Cleaned accumulator 431
20/05/22 16:19:49 INFO ContextCleaner: Cleaned accumulator 436
20/05/22 16:19:49 INFO ContextCleaner: Cleaned accumulator 382
20/05/22 16:19:49 INFO ContextCleaner: Cleaned accumulator 407
20/05/22 16:19:49 INFO ContextCleaner: Cleaned accumulator 413
20/05/22 16:19:49 INFO ContextCleaner: Cleaned accumulator 402
20/05/22 16:19:49 INFO ContextCleaner: Cleaned accumulator 388
20/05/22 16:19:49 INFO ContextCleaner: Cleaned accumulator 432
20/05/22 16:19:49 INFO ContextCleaner: Cleaned accumulator 384
20/05/22 16:19:49 INFO ContextCleaner: Cleaned accumulator 397
20/05/22 16:19:49 INFO ContextCleaner: Cleaned accumulator 377
20/05/22 16:19:49 INFO ContextCleaner: Cleaned accumulator 429
20/05/22 16:19:49 INFO ContextCleaner: Cleaned accumulator 421
20/05/22 16:19:49 INFO ContextCleaner: Cleaned accumulator 418
20/05/22 16:19:49 INFO ContextCleaner: Cleaned accumulator 427
20/05/22 16:19:49 INFO ContextCleaner: Cleaned accumulator 399
20/05/22 16:19:49 INFO ContextCleaner: Cleaned accumulator 385
20/05/22 16:19:49 INFO ContextCleaner: Cleaned accumulator 440
20/05/22 16:19:49 INFO ContextCleaner: Cleaned accumulator 249
20/05/22 16:19:49 INFO ContextCleaner: Cleaned accumulator 239
20/05/22 16:19:49 INFO ContextCleaner: Cleaned accumulator 220
20/05/22 16:19:49 INFO ContextCleaner: Cleaned accumulator 244
20/05/22 16:19:49 INFO ContextCleaner: Cleaned accumulator 219
20/05/22 16:19:49 INFO ContextCleaner: Cleaned accumulator 222
20/05/22 16:19:49 INFO ContextCleaner: Cleaned accumulator 265
20/05/22 16:19:49 INFO ContextCleaner: Cleaned accumulator 258
20/05/22 16:19:49 INFO ContextCleaner: Cleaned accumulator 278
20/05/22 16:19:49 INFO ContextCleaner: Cleaned accumulator 280
20/05/22 16:19:49 INFO ContextCleaner: Cleaned accumulator 225
20/05/22 16:19:49 INFO ContextCleaner: Cleaned accumulator 262
20/05/22 16:19:49 INFO ContextCleaner: Cleaned accumulator 235
20/05/22 16:19:49 INFO ContextCleaner: Cleaned accumulator 218
20/05/22 16:19:49 INFO ContextCleaner: Cleaned accumulator 277
20/05/22 16:19:49 INFO ContextCleaner: Cleaned accumulator 268
20/05/22 16:19:49 INFO ContextCleaner: Cleaned accumulator 270
20/05/22 16:19:49 INFO ContextCleaner: Cleaned accumulator 229
20/05/22 16:19:49 INFO ContextCleaner: Cleaned accumulator 246
20/05/22 16:19:49 INFO ContextCleaner: Cleaned accumulator 232
20/05/22 16:19:49 INFO ContextCleaner: Cleaned accumulator 263
20/05/22 16:19:49 INFO ContextCleaner: Cleaned accumulator 267
20/05/22 16:19:49 INFO ContextCleaner: Cleaned accumulator 228
20/05/22 16:19:49 INFO ContextCleaner: Cleaned accumulator 226
20/05/22 16:19:49 INFO ContextCleaner: Cleaned accumulator 216
20/05/22 16:19:49 INFO ContextCleaner: Cleaned accumulator 240
20/05/22 16:19:49 INFO ContextCleaner: Cleaned accumulator 274
20/05/22 16:19:49 INFO ContextCleaner: Cleaned accumulator 247
20/05/22 16:19:49 INFO ContextCleaner: Cleaned accumulator 253
20/05/22 16:19:49 INFO ContextCleaner: Cleaned accumulator 256
20/05/22 16:19:49 INFO ContextCleaner: Cleaned accumulator 259
20/05/22 16:19:49 INFO ContextCleaner: Cleaned accumulator 215
20/05/22 16:19:49 INFO ContextCleaner: Cleaned accumulator 266
20/05/22 16:19:49 INFO ContextCleaner: Cleaned accumulator 236
20/05/22 16:19:49 INFO ContextCleaner: Cleaned accumulator 223
20/05/22 16:19:49 INFO ContextCleaner: Cleaned accumulator 276
20/05/22 16:19:49 INFO ContextCleaner: Cleaned accumulator 237
20/05/22 16:19:49 INFO ContextCleaner: Cleaned accumulator 272
20/05/22 16:19:49 INFO ContextCleaner: Cleaned accumulator 261
20/05/22 16:19:49 INFO ContextCleaner: Cleaned accumulator 224
20/05/22 16:19:49 INFO ContextCleaner: Cleaned accumulator 269
20/05/22 16:19:49 INFO ContextCleaner: Cleaned accumulator 238
20/05/22 16:19:49 INFO ContextCleaner: Cleaned accumulator 233
20/05/22 16:19:49 INFO ContextCleaner: Cleaned accumulator 264
20/05/22 16:19:49 INFO ContextCleaner: Cleaned accumulator 271
20/05/22 16:19:49 INFO ContextCleaner: Cleaned accumulator 260
20/05/22 16:19:49 INFO ContextCleaner: Cleaned accumulator 252
20/05/22 16:19:49 INFO ContextCleaner: Cleaned accumulator 217
20/05/22 16:19:49 INFO ContextCleaner: Cleaned accumulator 273
20/05/22 16:19:49 INFO ContextCleaner: Cleaned accumulator 275
20/05/22 16:19:49 INFO ContextCleaner: Cleaned accumulator 255
20/05/22 16:19:49 INFO ContextCleaner: Cleaned accumulator 234
20/05/22 16:19:49 INFO ContextCleaner: Cleaned accumulator 243
20/05/22 16:19:49 INFO ContextCleaner: Cleaned accumulator 241
20/05/22 16:19:49 INFO ContextCleaner: Cleaned accumulator 227
20/05/22 16:19:49 INFO ContextCleaner: Cleaned accumulator 221
20/05/22 16:19:49 INFO ContextCleaner: Cleaned accumulator 245
20/05/22 16:19:49 INFO ContextCleaner: Cleaned accumulator 250
20/05/22 16:19:49 INFO ContextCleaner: Cleaned accumulator 279
20/05/22 16:19:49 INFO ContextCleaner: Cleaned accumulator 248
20/05/22 16:19:49 INFO ContextCleaner: Cleaned accumulator 254
20/05/22 16:19:49 INFO ContextCleaner: Cleaned shuffle 2
20/05/22 16:19:49 INFO ContextCleaner: Cleaned accumulator 251
20/05/22 16:19:49 INFO ContextCleaner: Cleaned accumulator 242
20/05/22 16:19:49 INFO ContextCleaner: Cleaned accumulator 231
20/05/22 16:19:49 INFO ContextCleaner: Cleaned accumulator 257
20/05/22 16:34:05 INFO SparkContext: Invoking stop() from shutdown hook
20/05/22 16:34:05 INFO SparkUI: Stopped Spark web UI at http://localhost:4040
20/05/22 16:34:05 INFO MapOutputTrackerMasterEndpoint: MapOutputTrackerMasterEndpoint stopped!
20/05/22 16:34:05 INFO MemoryStore: MemoryStore cleared
20/05/22 16:34:05 INFO BlockManager: BlockManager stopped
20/05/22 16:34:05 INFO BlockManagerMaster: BlockManagerMaster stopped
20/05/22 16:34:05 INFO OutputCommitCoordinator$OutputCommitCoordinatorEndpoint: OutputCommitCoordinator stopped!
20/05/22 16:34:05 INFO SparkContext: Successfully stopped SparkContext
20/05/22 16:34:05 INFO ShutdownHookManager: Shutdown hook called
20/05/22 16:34:05 INFO ShutdownHookManager: Deleting directory /tmp/spark-3ca1ebc9-3263-4339-844b-9031299312ce
20/05/22 16:34:05 INFO ShutdownHookManager: Deleting directory /tmp/spark-5f5f6fe5-60ae-40e8-9701-ea8f32319eaa
